<?xml version="1.0" encoding="UTF-8"?>
<!-- Generated by org.testng.reporters.JUnitReportReporter -->
<testsuite hostname="DESKTOP-IBCQD3T" name="packageOne.ClassThree" tests="1" failures="0" timestamp="24 Dec 2019 12:46:13 GMT" time="12.194" errors="0">
  <testcase name="testThree" time="12.194" classname="packageOne.ClassThree"/>
</testsuite> <!-- packageOne.ClassThree -->
