<?xml version="1.0" encoding="UTF-8"?>
<!-- Generated by org.testng.reporters.JUnitReportReporter -->
<testsuite hostname="DESKTOP-IBCQD3T" name="packageOne.ClassTwo" tests="1" failures="0" timestamp="24 Dec 2019 12:46:13 GMT" time="10.184" errors="0">
  <testcase name="testTwo" time="10.184" classname="packageOne.ClassTwo"/>
</testsuite> <!-- packageOne.ClassTwo -->
