<?xml version="1.0" encoding="UTF-8"?>
<!-- Generated by org.testng.reporters.JUnitReportReporter -->
<testsuite hostname="DESKTOP-IBCQD3T" name="packageOne.ClassOne" tests="1" failures="0" timestamp="24 Dec 2019 12:46:13 GMT" time="15.257" errors="0">
  <testcase name="testOne" time="15.257" classname="packageOne.ClassOne"/>
</testsuite> <!-- packageOne.ClassOne -->
