<?xml version="1.0" encoding="UTF-8"?>
<!-- Generated by org.testng.reporters.JUnitReportReporter -->
<testsuite hostname="DESKTOP-IBCQD3T" name="packageOne.ClassFour" tests="1" failures="0" timestamp="24 Dec 2019 12:46:13 GMT" time="9.787" errors="0">
  <testcase name="testFour" time="9.787" classname="packageOne.ClassFour"/>
</testsuite> <!-- packageOne.ClassFour -->
