<?xml version="1.0" encoding="UTF-8"?>
<!-- Generated by org.testng.reporters.JUnitReportReporter -->
<testsuite hostname="OSIT-L-0463" name="packageOne.ClassTwo" tests="3" failures="0" timestamp="31 Jan 2017 16:36:21 GMT" time="0.008" errors="0">
  <testcase name="testFour" time="0.003" classname="packageOne.ClassTwo"/>
  <testcase name="testFive" time="0.002" classname="packageOne.ClassTwo"/>
  <testcase name="testSix" time="0.003" classname="packageOne.ClassTwo"/>
</testsuite> <!-- packageOne.ClassTwo -->
