<?xml version="1.0" encoding="UTF-8"?>
<!-- Generated by org.testng.reporters.JUnitReportReporter -->
<testsuite hostname="OSIT-L-0463" name="assertionsDemo.testNGAssertionsDemoNine" tests="1" failures="0" timestamp="1 Feb 2017 18:24:30 GMT" time="0.019" errors="0">
  <testcase name="sampleMethod" time="0.019" classname="assertionsDemo.testNGAssertionsDemoNine"/>
</testsuite> <!-- assertionsDemo.testNGAssertionsDemoNine -->
