<?xml version="1.0" encoding="UTF-8"?>
<!-- Generated by org.testng.reporters.JUnitReportReporter -->
<testsuite hostname="OSIT-L-0463" name="parameterization.TestClass" tests="3" failures="0" timestamp="2 Feb 2017 09:11:15 GMT" time="0.018" errors="0">
  <testcase name="sampleMethod" time="0.002" classname="parameterization.TestClass"/>
  <testcase name="sampleMethod" time="0.014" classname="parameterization.TestClass"/>
  <testcase name="sampleMethod" time="0.002" classname="parameterization.TestClass"/>
</testsuite> <!-- parameterization.TestClass -->
