<?xml version="1.0" encoding="UTF-8"?>
<!-- Generated by org.testng.reporters.JUnitReportReporter -->
<testsuite hostname="DESKTOP-IBCQD3T" name="packageOne.ClassOne" tests="1" failures="0" timestamp="10 Dec 2019 15:55:28 GMT" time="13.406" errors="0">
  <testcase name="testOne" time="13.406" classname="packageOne.ClassOne"/>
</testsuite> <!-- packageOne.ClassOne -->
