<?xml version="1.0" encoding="UTF-8"?>
<!-- Generated by org.testng.reporters.JUnitReportReporter -->
<testsuite hostname="OSIT-L-0463" name="listenersDemo.ProgramTwo" tests="1" failures="0" timestamp="2 Feb 2017 10:33:55 GMT" time="0.018" errors="0">
  <testcase name="sampleMethod" time="0.018" classname="listenersDemo.ProgramTwo"/>
</testsuite> <!-- listenersDemo.ProgramTwo -->
