<?xml version="1.0" encoding="UTF-8"?>
<!-- Generated by org.testng.reporters.JUnitReportReporter -->
<testsuite hostname="OSIT-L-0463" name="packageOne.ClassThree" tests="3" failures="0" timestamp="1 Feb 2017 07:11:27 GMT" time="0.005" errors="0">
  <testcase name="testEight" time="0.001" classname="packageOne.ClassThree"/>
  <testcase name="testSeven" time="0.003" classname="packageOne.ClassThree"/>
  <testcase name="testNine" time="0.001" classname="packageOne.ClassThree"/>
</testsuite> <!-- packageOne.ClassThree -->
