<?xml version="1.0" encoding="UTF-8"?>
<!-- Generated by org.testng.reporters.JUnitReportReporter -->
<testsuite hostname="OSIT-L-0463" name="assertionsDemo.testNGAssertionsDemoTwo" tests="1" failures="0" timestamp="1 Feb 2017 17:58:37 GMT" time="0.018" errors="0">
  <testcase name="sampleMethod" time="0.018" classname="assertionsDemo.testNGAssertionsDemoTwo"/>
</testsuite> <!-- assertionsDemo.testNGAssertionsDemoTwo -->
