<?xml version="1.0" encoding="UTF-8"?>
<!-- Generated by org.testng.reporters.JUnitReportReporter -->
<testsuite hostname="OSIT-L-0463" name="assertionsDemo.testNGAssertionsDemoEight" tests="1" failures="0" timestamp="1 Feb 2017 18:21:29 GMT" time="0.024" errors="0">
  <testcase name="sampleMethod" time="0.024" classname="assertionsDemo.testNGAssertionsDemoEight"/>
</testsuite> <!-- assertionsDemo.testNGAssertionsDemoEight -->
