<?xml version="1.0" encoding="UTF-8"?>
<!-- Generated by org.testng.reporters.JUnitReportReporter -->
<testsuite hostname="OSIT-L-0463" name="packageOne.ClassFour" tests="3" failures="0" timestamp="1 Feb 2017 07:11:27 GMT" time="0.004" errors="0">
  <testcase name="testTen" time="0.002" classname="packageOne.ClassFour"/>
  <testcase name="testTweleve" time="0.001" classname="packageOne.ClassFour"/>
  <testcase name="testEleven" time="0.001" classname="packageOne.ClassFour"/>
</testsuite> <!-- packageOne.ClassFour -->
