<?xml version="1.0" encoding="UTF-8"?>
<!-- Generated by org.testng.reporters.JUnitReportReporter -->
<testsuite hostname="OSIT-L-0463" name="parameterization.TestNGPrameterizationDemoThree" tests="3" failures="0" timestamp="1 Feb 2017 16:50:57 GMT" time="0.048" errors="0">
  <testcase name="testLogin" time="0.042" classname="parameterization.TestNGPrameterizationDemoThree"/>
  <testcase name="testLogin" time="0.004" classname="parameterization.TestNGPrameterizationDemoThree"/>
  <testcase name="testLogin" time="0.002" classname="parameterization.TestNGPrameterizationDemoThree"/>
</testsuite> <!-- parameterization.TestNGPrameterizationDemoThree -->
