<?xml version="1.0" encoding="UTF-8"?>
<!-- Generated by org.testng.reporters.JUnitReportReporter -->
<testsuite hostname="OSIT-L-0463" name="listenersDemo.ProgramOne" tests="1" failures="0" timestamp="2 Feb 2017 10:20:54 GMT" time="0.022" errors="0">
  <testcase name="sampleMethod" time="0.022" classname="listenersDemo.ProgramOne"/>
</testsuite> <!-- listenersDemo.ProgramOne -->
